<?xml version="1.0" encoding="UTF-8"?>
<!-- Generated by org.testng.reporters.JUnitReportReporter -->
<testsuite skipped="0" hostname="venom-host" name="br.laramara.ti.sislaracommons.dtos.agenda.TestesAgendamentoDTO" tests="1" failures="0" timestamp="23 jul 2023 14:13:45 GMT" time="0.062" errors="0">
  <testcase name="agendamentodto_foi_construida_com_sucesso" time="0.062" classname="br.laramara.ti.sislaracommons.dtos.agenda.TestesAgendamentoDTO"/>
</testsuite> <!-- br.laramara.ti.sislaracommons.dtos.agenda.TestesAgendamentoDTO -->
