<?xml version="1.0" encoding="UTF-8"?>
<!-- Generated by org.testng.reporters.JUnitReportReporter -->
<testsuite skipped="0" hostname="venom-host" name="br.laramara.ti.sislaracommons.dtos.grupo.TestesGrupoDTO" tests="3" failures="0" timestamp="23 jul 2023 14:13:45 GMT" time="0.000" errors="0">
  <testcase name="grupodto_foi_construida_com_sucesso" time="0.000" classname="br.laramara.ti.sislaracommons.dtos.grupo.TestesGrupoDTO"/>
  <testcase name="grupodto_obtem_nome_modulos_com_sucesso" time="0.000" classname="br.laramara.ti.sislaracommons.dtos.grupo.TestesGrupoDTO"/>
  <testcase name="grupodto_obtem_modulo_periodo_por_nome" time="0.000" classname="br.laramara.ti.sislaracommons.dtos.grupo.TestesGrupoDTO"/>
</testsuite> <!-- br.laramara.ti.sislaracommons.dtos.grupo.TestesGrupoDTO -->
