<?xml version="1.0" encoding="UTF-8"?>
<!-- Generated by org.testng.reporters.JUnitReportReporter -->
<testsuite skipped="0" hostname="venom-host" name="br.laramara.ti.sislaracommons.utilitarios.TestesDataUtils" tests="48" failures="0" timestamp="23 jul 2023 14:13:45 GMT" time="0.142" errors="0">
  <testcase name="datautils_adiciona_dias_em_data_atual" time="0.078" classname="br.laramara.ti.sislaracommons.utilitarios.TestesDataUtils"/>
  <testcase name="datautils_formata_data_date" time="0.000" classname="br.laramara.ti.sislaracommons.utilitarios.TestesDataUtils"/>
  <testcase name="datautils_obtem_data_valida" time="0.000" classname="br.laramara.ti.sislaracommons.utilitarios.TestesDataUtils"/>
  <testcase name="datautils_formata_data_local_date" time="0.016" classname="br.laramara.ti.sislaracommons.utilitarios.TestesDataUtils"/>
  <testcase name="datautils_recuar_6_meses" time="0.000" classname="br.laramara.ti.sislaracommons.utilitarios.TestesDataUtils"/>
  <testcase name="datautils_obtem_data_hora_valida" time="0.000" classname="br.laramara.ti.sislaracommons.utilitarios.TestesDataUtils"/>
  <testcase name="datautils_nao_expirou_limite_24_horas" time="0.000" classname="br.laramara.ti.sislaracommons.utilitarios.TestesDataUtils"/>
  <testcase name="datautils_cria_local_date_time_com_sucesso" time="0.000" classname="br.laramara.ti.sislaracommons.utilitarios.TestesDataUtils"/>
  <testcase name="datautils_verifica_meses_transcorridos" time="0.016" classname="br.laramara.ti.sislaracommons.utilitarios.TestesDataUtils"/>
  <testcase name="datautils_obtem_hora_invalida_pequena" time="0.000" classname="br.laramara.ti.sislaracommons.utilitarios.TestesDataUtils"/>
  <testcase name="datautils_instancia_nova_data_a_partir_de_texto" time="0.000" classname="br.laramara.ti.sislaracommons.utilitarios.TestesDataUtils"/>
  <testcase name="datautils_verifica_se_data_igual_ou_posterior_a_data_inicio" time="0.000" classname="br.laramara.ti.sislaracommons.utilitarios.TestesDataUtils"/>
  <testcase name="datautils_instancia_nova_data_com_mes_correto" time="0.000" classname="br.laramara.ti.sislaracommons.utilitarios.TestesDataUtils"/>
  <testcase name="datautils_verifica_se_data_esta_preenchida" time="0.000" classname="br.laramara.ti.sislaracommons.utilitarios.TestesDataUtils"/>
  <testcase name="datautils_formata_data_calendar_alternativo" time="0.000" classname="br.laramara.ti.sislaracommons.utilitarios.TestesDataUtils"/>
  <testcase name="datautils_obtem_data_nula" time="0.000" classname="br.laramara.ti.sislaracommons.utilitarios.TestesDataUtils"/>
  <testcase name="datautils_obtem_data_hora_alternativo_valida" time="0.000" classname="br.laramara.ti.sislaracommons.utilitarios.TestesDataUtils"/>
  <testcase name="datautils_verifica_se_data_inicio_e_posterior_a_data_atual_sistema" time="0.000" classname="br.laramara.ti.sislaracommons.utilitarios.TestesDataUtils"/>
  <testcase name="datautils_verifica_data_hora_valira_a_partir_de_texto_com_espaco" time="0.000" classname="br.laramara.ti.sislaracommons.utilitarios.TestesDataUtils"/>
  <testcase name="datautils_obtem_hora_invalida_com_barra" time="0.000" classname="br.laramara.ti.sislaracommons.utilitarios.TestesDataUtils"/>
  <testcase name="datautils_formata_data_calendar" time="0.000" classname="br.laramara.ti.sislaracommons.utilitarios.TestesDataUtils"/>
  <testcase name="datautils_verifica_data_valida_a_partir_de_texto" time="0.000" classname="br.laramara.ti.sislaracommons.utilitarios.TestesDataUtils"/>
  <testcase name="datautils_obtem_data_invalida" time="0.000" classname="br.laramara.ti.sislaracommons.utilitarios.TestesDataUtils"/>
  <testcase name="datautils_verifica_anos_transcorridos_alternativo" time="0.016" classname="br.laramara.ti.sislaracommons.utilitarios.TestesDataUtils"/>
  <testcase name="datautils_verifica_se_data_termino_e_anterior_a_data_inicio" time="0.000" classname="br.laramara.ti.sislaracommons.utilitarios.TestesDataUtils"/>
  <testcase name="datautils_obtem_hora_nula" time="0.000" classname="br.laramara.ti.sislaracommons.utilitarios.TestesDataUtils"/>
  <testcase name="datautils_obtem_hora" time="0.000" classname="br.laramara.ti.sislaracommons.utilitarios.TestesDataUtils"/>
  <testcase name="datautils_verifica_se_data_inicio_e_anterior_a_data_atual_sistema" time="0.000" classname="br.laramara.ti.sislaracommons.utilitarios.TestesDataUtils"/>
  <testcase name="datautils_retorna_hora_total_invalida" time="0.000" classname="br.laramara.ti.sislaracommons.utilitarios.TestesDataUtils"/>
  <testcase name="datautils_formata_data_hora" time="0.000" classname="br.laramara.ti.sislaracommons.utilitarios.TestesDataUtils"/>
  <testcase name="datautils_retorna_hora" time="0.000" classname="br.laramara.ti.sislaracommons.utilitarios.TestesDataUtils"/>
  <testcase name="datautils_formata_data_vazia" time="0.000" classname="br.laramara.ti.sislaracommons.utilitarios.TestesDataUtils"/>
  <testcase name="datautils_retorna_hora_total_valida" time="0.000" classname="br.laramara.ti.sislaracommons.utilitarios.TestesDataUtils"/>
  <testcase name="datautils_verifica_anos_transcorridos" time="0.000" classname="br.laramara.ti.sislaracommons.utilitarios.TestesDataUtils"/>
  <testcase name="datautils_verifica_se_data_nao_esta_preenchida" time="0.000" classname="br.laramara.ti.sislaracommons.utilitarios.TestesDataUtils"/>
  <testcase name="datautils_verifica_se_hora_termino_e_anterior_hora_inicio" time="0.000" classname="br.laramara.ti.sislaracommons.utilitarios.TestesDataUtils"/>
  <testcase name="datautils_verifica_se_data_inicio_nao_e_anterior_a_data_atual_sistema" time="0.000" classname="br.laramara.ti.sislaracommons.utilitarios.TestesDataUtils"/>
  <testcase name="datautils_verifica_se_data_invalida_a_partir_calendar" time="0.000" classname="br.laramara.ti.sislaracommons.utilitarios.TestesDataUtils"/>
  <testcase name="datautils_verifica_data_invalida_a_partir_de_texto_com_espaco" time="0.000" classname="br.laramara.ti.sislaracommons.utilitarios.TestesDataUtils"/>
  <testcase name="datautils_retorna_tempo_decorrido" time="0.000" classname="br.laramara.ti.sislaracommons.utilitarios.TestesDataUtils"/>
  <testcase name="datautils_verifica_anos_transcorridos_sem_sucesso" time="0.000" classname="br.laramara.ti.sislaracommons.utilitarios.TestesDataUtils"/>
  <testcase name="datautils_apos_meio_periodo" time="0.000" classname="br.laramara.ti.sislaracommons.utilitarios.TestesDataUtils"/>
  <testcase name="datautils_avanca_data_em_2_anos" time="0.016" classname="br.laramara.ti.sislaracommons.utilitarios.TestesDataUtils"/>
  <testcase name="datautils_expirou_limite_24_horas" time="0.000" classname="br.laramara.ti.sislaracommons.utilitarios.TestesDataUtils"/>
  <testcase name="datautils_verifica_se_data_inicio_nao_e_posterior_a_data_atual_sistema" time="0.000" classname="br.laramara.ti.sislaracommons.utilitarios.TestesDataUtils"/>
  <testcase name="datautils_verifica_data_invalida_a_partir_de_texto" time="0.000" classname="br.laramara.ti.sislaracommons.utilitarios.TestesDataUtils"/>
  <testcase name="datautils_cria_local_date_time_alternativo_com_sucesso" time="0.000" classname="br.laramara.ti.sislaracommons.utilitarios.TestesDataUtils"/>
  <testcase name="datautils_verifica_se_data_igual_ou_anterior_a_data_inicio" time="0.000" classname="br.laramara.ti.sislaracommons.utilitarios.TestesDataUtils"/>
</testsuite> <!-- br.laramara.ti.sislaracommons.utilitarios.TestesDataUtils -->
