<?xml version="1.0" encoding="UTF-8"?>
<!-- Generated by org.testng.reporters.JUnitReportReporter -->
<testsuite skipped="0" hostname="venom-host" name="br.laramara.ti.sislaracommons.utilitarios.TestesSessao" tests="3" failures="0" timestamp="23 jul 2023 14:13:45 GMT" time="0.000" errors="0">
  <testcase name="sessao_armazena_objeto_e_obtem_de_volta" time="0.000" classname="br.laramara.ti.sislaracommons.utilitarios.TestesSessao"/>
  <testcase name="sessao_armazena_token_e_obtem_de_volta" time="0.000" classname="br.laramara.ti.sislaracommons.utilitarios.TestesSessao"/>
  <testcase name="sessao_armazena_objeto_e_remove" time="0.000" classname="br.laramara.ti.sislaracommons.utilitarios.TestesSessao"/>
</testsuite> <!-- br.laramara.ti.sislaracommons.utilitarios.TestesSessao -->
