<?xml version="1.0" encoding="UTF-8"?>
<!-- Generated by org.testng.reporters.JUnitReportReporter -->
<testsuite skipped="0" hostname="venom-host" name="br.laramara.ti.sislaracommons.dtos.seguranca.TestesContaAcessoDTO" tests="1" failures="0" timestamp="23 jul 2023 14:13:45 GMT" time="0.328" errors="0">
  <testcase name="contaacessodto_foi_construida_com_sucesso" time="0.328" classname="br.laramara.ti.sislaracommons.dtos.seguranca.TestesContaAcessoDTO"/>
</testsuite> <!-- br.laramara.ti.sislaracommons.dtos.seguranca.TestesContaAcessoDTO -->
