<?xml version="1.0" encoding="UTF-8"?>
<!-- Generated by org.testng.reporters.JUnitReportReporter -->
<testsuite skipped="0" hostname="venom-host" name="br.laramara.ti.sislaracommons.dtos.usuario.TestesUsuarioExternoDTO" tests="1" failures="0" timestamp="23 jul 2023 14:13:45 GMT" time="0.000" errors="0">
  <testcase name="usuarioexternodto_foi_construido_com_sucesso" time="0.000" classname="br.laramara.ti.sislaracommons.dtos.usuario.TestesUsuarioExternoDTO"/>
</testsuite> <!-- br.laramara.ti.sislaracommons.dtos.usuario.TestesUsuarioExternoDTO -->
