<?xml version="1.0" encoding="UTF-8"?>
<!-- Generated by org.testng.reporters.JUnitReportReporter -->
<testsuite skipped="0" hostname="venom-host" name="br.laramara.ti.sislaracommons.dtos.seguranca.TestesResultadoListagemContaAcessoDTO" tests="1" failures="0" timestamp="23 jul 2023 14:13:45 GMT" time="0.015" errors="0">
  <testcase name="resultadolistagemcontaacessodto_com_contaacesso_sem_erro_foi_construido" time="0.015" classname="br.laramara.ti.sislaracommons.dtos.seguranca.TestesResultadoListagemContaAcessoDTO"/>
</testsuite> <!-- br.laramara.ti.sislaracommons.dtos.seguranca.TestesResultadoListagemContaAcessoDTO -->
