<?xml version="1.0" encoding="UTF-8"?>
<!-- Generated by org.testng.reporters.JUnitReportReporter -->
<testsuite skipped="0" hostname="venom-host" name="br.laramara.ti.sislaracommons.dtos.grupo.TestesResultadoListagemDescricaoTipoAtendimentoDTO" tests="3" failures="0" timestamp="23 jul 2023 14:13:45 GMT" time="0.000" errors="0">
  <testcase name="resultadopesquisatipoatendimentodto_vazio_foi_construido" time="0.000" classname="br.laramara.ti.sislaracommons.dtos.grupo.TestesResultadoListagemDescricaoTipoAtendimentoDTO"/>
  <testcase name="resultadolistagemdescricaotipoatendimentodto_com_um_descricaotipoatendimento_sem_erro_foi_construido" time="0.000" classname="br.laramara.ti.sislaracommons.dtos.grupo.TestesResultadoListagemDescricaoTipoAtendimentoDTO"/>
  <testcase name="resultadolistagemdescricaotipoatendimentodto_com_descricaotipoatendimentos_sem_erro_foi_construido" time="0.000" classname="br.laramara.ti.sislaracommons.dtos.grupo.TestesResultadoListagemDescricaoTipoAtendimentoDTO"/>
</testsuite> <!-- br.laramara.ti.sislaracommons.dtos.grupo.TestesResultadoListagemDescricaoTipoAtendimentoDTO -->
