<?xml version="1.0" encoding="UTF-8"?>
<!-- Generated by org.testng.reporters.JUnitReportReporter -->
<testsuite skipped="0" hostname="venom-host" name="br.laramara.ti.sislaracommons.utilitarios.TestesDinheiroUtils" tests="6" failures="0" timestamp="23 jul 2023 14:13:45 GMT" time="0.000" errors="0">
  <testcase name="dinheiroutils_converte_para_dinheiro_alternativo_sem_sucesso" time="0.000" classname="br.laramara.ti.sislaracommons.utilitarios.TestesDinheiroUtils"/>
  <testcase name="dinheiroutils_converte_para_dinheiro_sem_sucesso" time="0.000" classname="br.laramara.ti.sislaracommons.utilitarios.TestesDinheiroUtils"/>
  <testcase name="dinheiroutils_converte_para_dinheiro_alternativo2_sem_sucesso" time="0.000" classname="br.laramara.ti.sislaracommons.utilitarios.TestesDinheiroUtils"/>
  <testcase name="dinheiroutils_valida_dinheiro_invalido" time="0.000" classname="br.laramara.ti.sislaracommons.utilitarios.TestesDinheiroUtils"/>
  <testcase name="dinheiroutils_converte_para_dinheiro_alternativo_com_sucesso" time="0.000" classname="br.laramara.ti.sislaracommons.utilitarios.TestesDinheiroUtils"/>
  <testcase name="dinheiroutils_converte_para_dinheiro_com_sucesso" time="0.000" classname="br.laramara.ti.sislaracommons.utilitarios.TestesDinheiroUtils"/>
</testsuite> <!-- br.laramara.ti.sislaracommons.utilitarios.TestesDinheiroUtils -->
