<?xml version="1.0" encoding="UTF-8"?>
<!-- Generated by org.testng.reporters.JUnitReportReporter -->
<testsuite skipped="0" hostname="venom-host" name="br.laramara.ti.sislaracommons.utilitarios.TestesImagemUtils" tests="1" failures="0" timestamp="23 jul 2023 14:13:45 GMT" time="0.109" errors="0">
  <testcase name="imagemutils_redimensiona_imagem_corretamente" time="0.109" classname="br.laramara.ti.sislaracommons.utilitarios.TestesImagemUtils"/>
</testsuite> <!-- br.laramara.ti.sislaracommons.utilitarios.TestesImagemUtils -->
