<?xml version="1.0" encoding="UTF-8"?>
<!-- Generated by org.testng.reporters.JUnitReportReporter -->
<testsuite skipped="0" hostname="venom-host" name="br.laramara.ti.sislaracommons.utilitarios.TestesNumeroUtils" tests="7" failures="0" timestamp="23 jul 2023 14:13:45 GMT" time="0.000" errors="0">
  <testcase name="numeroutils_renorna_numero_longo_invalido" time="0.000" classname="br.laramara.ti.sislaracommons.utilitarios.TestesNumeroUtils"/>
  <testcase name="numeroutils_renorna_longo_numero_nulo" time="0.000" classname="br.laramara.ti.sislaracommons.utilitarios.TestesNumeroUtils"/>
  <testcase name="numeroutils_renorna_numero_inteiro_valido" time="0.000" classname="br.laramara.ti.sislaracommons.utilitarios.TestesNumeroUtils"/>
  <testcase name="numeroutils_renorna_numero_inteiro_nulo" time="0.000" classname="br.laramara.ti.sislaracommons.utilitarios.TestesNumeroUtils"/>
  <testcase name="numeroutils_renorna_numero_inteiro_invalido" time="0.000" classname="br.laramara.ti.sislaracommons.utilitarios.TestesNumeroUtils"/>
  <testcase name="numeroutils_renorna_numero_longo_valido" time="0.000" classname="br.laramara.ti.sislaracommons.utilitarios.TestesNumeroUtils"/>
  <testcase name="numeroutils_obter_texto_do_numero" time="0.000" classname="br.laramara.ti.sislaracommons.utilitarios.TestesNumeroUtils"/>
</testsuite> <!-- br.laramara.ti.sislaracommons.utilitarios.TestesNumeroUtils -->
