<?xml version="1.0" encoding="UTF-8"?>
<!-- Generated by org.testng.reporters.JUnitReportReporter -->
<testsuite skipped="0" hostname="venom-host" name="br.laramara.ti.sislaracommons.dtos.precadastro.TestesResultadoListagemPreCadastroDTO" tests="3" failures="0" timestamp="23 jul 2023 14:13:45 GMT" time="0.000" errors="0">
  <testcase name="resultadopesquisaprecadastrodto_vazio_foi_construido" time="0.000" classname="br.laramara.ti.sislaracommons.dtos.precadastro.TestesResultadoListagemPreCadastroDTO"/>
  <testcase name="resultadolistagemprecadastrodto_com_um_usuario_sem_erro_foi_construido" time="0.000" classname="br.laramara.ti.sislaracommons.dtos.precadastro.TestesResultadoListagemPreCadastroDTO"/>
  <testcase name="resultadolistagemprecadastrodto_com_usuarios_sem_erro_foi_construido" time="0.000" classname="br.laramara.ti.sislaracommons.dtos.precadastro.TestesResultadoListagemPreCadastroDTO"/>
</testsuite> <!-- br.laramara.ti.sislaracommons.dtos.precadastro.TestesResultadoListagemPreCadastroDTO -->
