<?xml version="1.0" encoding="UTF-8"?>
<!-- Generated by org.testng.reporters.JUnitReportReporter -->
<testsuite skipped="0" hostname="venom-host" name="br.laramara.ti.sislaracommons.dtos.grupo.TestesResultadoValidacaoProgramacaoDTO" tests="2" failures="0" timestamp="23 jul 2023 14:13:45 GMT" time="0.000" errors="0">
  <testcase name="resultadovalidacaoprogramacaodto_sem_erro_foi_construido" time="0.000" classname="br.laramara.ti.sislaracommons.dtos.grupo.TestesResultadoValidacaoProgramacaoDTO"/>
  <testcase name="resultadovalidacaoprogramacaodto_com_erro_foi_construido" time="0.000" classname="br.laramara.ti.sislaracommons.dtos.grupo.TestesResultadoValidacaoProgramacaoDTO"/>
</testsuite> <!-- br.laramara.ti.sislaracommons.dtos.grupo.TestesResultadoValidacaoProgramacaoDTO -->
