<?xml version="1.0" encoding="UTF-8"?>
<!-- Generated by org.testng.reporters.JUnitReportReporter -->
<testsuite skipped="0" hostname="venom-host" name="br.laramara.ti.sislaracommons.utilitarios.TestesTextoUtils" tests="9" failures="0" timestamp="23 jul 2023 14:13:45 GMT" time="0.016" errors="0">
  <testcase name="textoutils_remove_espaco_texto" time="0.000" classname="br.laramara.ti.sislaracommons.utilitarios.TestesTextoUtils"/>
  <testcase name="textoutils_anula_string_inexistente" time="0.000" classname="br.laramara.ti.sislaracommons.utilitarios.TestesTextoUtils"/>
  <testcase name="textoutils_remover_chave" time="0.000" classname="br.laramara.ti.sislaracommons.utilitarios.TestesTextoUtils"/>
  <testcase name="textoutils_retorna_texto_vazio_a_partir_de_valor_nulo" time="0.000" classname="br.laramara.ti.sislaracommons.utilitarios.TestesTextoUtils"/>
  <testcase name="textoutils_remover_virgula_final" time="0.000" classname="br.laramara.ti.sislaracommons.utilitarios.TestesTextoUtils"/>
  <testcase name="textoutils_anula_vazio" time="0.000" classname="br.laramara.ti.sislaracommons.utilitarios.TestesTextoUtils"/>
  <testcase name="textoutils_remove_ponto_traco_texto_rg" time="0.000" classname="br.laramara.ti.sislaracommons.utilitarios.TestesTextoUtils"/>
  <testcase name="textoutils_substituir_conchetes" time="0.016" classname="br.laramara.ti.sislaracommons.utilitarios.TestesTextoUtils"/>
  <testcase name="textoutils_texto_vazio" time="0.000" classname="br.laramara.ti.sislaracommons.utilitarios.TestesTextoUtils"/>
</testsuite> <!-- br.laramara.ti.sislaracommons.utilitarios.TestesTextoUtils -->
